<?xml version="1.0" encoding="UTF-8"?>
<!-- Generated by org.testng.reporters.JUnitReportReporter -->
<testsuite hostname="DESKTOP-IP80BGQ" failures="0" tests="4" name="TestNgPractice.YahooMailTest" time="0.014" errors="0" timestamp="2022-03-18T19:08:29 IST" skipped="0">
  <testcase classname="TestNgPractice.YahooMailTest" name="composeMailTest" time="0.007"/>
  <system-out/>
  <testcase classname="TestNgPractice.YahooMailTest" name="deleteMailTest" time="0.002"/>
  <system-out/>
  <testcase classname="TestNgPractice.YahooMailTest" name="searchMailTest" time="0.003"/>
  <system-out/>
  <testcase classname="TestNgPractice.YahooMailTest" name="sentItemsMailList" time="0.002"/>
  <system-out/>
</testsuite> <!-- TestNgPractice.YahooMailTest -->
