<?xml version="1.0" encoding="UTF-8"?>
<!-- Generated by org.testng.reporters.JUnitReportReporter -->
<testsuite hostname="DESKTOP-IP80BGQ" failures="0" tests="10" name="com.test.InvocationCountTest" time="0.014" errors="0" timestamp="2021-09-13T14:21:46 IST" skipped="0">
  <testcase classname="com.test.InvocationCountTest" name="sum" time="0.002"/>
  <system-out/>
  <testcase classname="com.test.InvocationCountTest" name="sum" time="0.001"/>
  <system-out/>
  <testcase classname="com.test.InvocationCountTest" name="sum" time="0.002"/>
  <system-out/>
  <testcase classname="com.test.InvocationCountTest" name="sum" time="0.001"/>
  <system-out/>
  <testcase classname="com.test.InvocationCountTest" name="sum" time="0.002"/>
  <system-out/>
  <testcase classname="com.test.InvocationCountTest" name="sum" time="0.002"/>
  <system-out/>
  <testcase classname="com.test.InvocationCountTest" name="sum" time="0.001"/>
  <system-out/>
  <testcase classname="com.test.InvocationCountTest" name="sum" time="0.001"/>
  <system-out/>
  <testcase classname="com.test.InvocationCountTest" name="sum" time="0.001"/>
  <system-out/>
  <testcase classname="com.test.InvocationCountTest" name="sum" time="0.001"/>
  <system-out/>
</testsuite> <!-- com.test.InvocationCountTest -->
