<?xml version="1.0" encoding="UTF-8"?>
<!-- Generated by org.testng.reporters.JUnitReportReporter -->
<testsuite hostname="DESKTOP-IP80BGQ" failures="0" tests="1" name="TestNgPractice.EbayTest" time="29.571" errors="0" timestamp="2021-12-01T15:20:34 IST" skipped="0">
  <testcase classname="TestNgPractice.EbayTest" name="searchTest" time="29.571"/>
  <system-out/>
</testsuite> <!-- TestNgPractice.EbayTest -->
