<?xml version="1.0" encoding="UTF-8"?>
<!-- Generated by org.testng.reporters.JUnitReportReporter -->
<testsuite hostname="DESKTOP-IP80BGQ" failures="0" tests="6" name="TestNgPractice.GoogleTest" time="30.043" errors="0" timestamp="2022-03-16T16:33:43 IST" skipped="0">
  <testcase classname="TestNgPractice.GoogleTest" name="googleTitleTest" time="4.620"/>
  <system-out/>
  <testcase classname="TestNgPractice.GoogleTest" name="mailLinkTest" time="5.216"/>
  <system-out/>
  <testcase classname="TestNgPractice.GoogleTest" name="googleLogoTest" time="4.742"/>
  <system-out/>
  <testcase classname="TestNgPractice.GoogleTest" name="test1" time="6.312"/>
  <system-out/>
  <testcase classname="TestNgPractice.GoogleTest" name="test2" time="4.318"/>
  <system-out/>
  <testcase classname="TestNgPractice.GoogleTest" name="test3" time="4.835"/>
  <system-out/>
</testsuite> <!-- TestNgPractice.GoogleTest -->
