<?xml version="1.0" encoding="UTF-8"?>
<!-- Generated by org.testng.reporters.JUnitReportReporter -->
<testsuite hostname="DESKTOP-IP80BGQ" failures="0" tests="1" name="com.test.ExceptionTimeOutTest" time="0.002" errors="0" timestamp="2021-09-13T14:21:46 IST" skipped="0">
  <testcase classname="com.test.ExceptionTimeOutTest" name="test1" time="0.002"/>
  <system-out/>
</testsuite> <!-- com.test.ExceptionTimeOutTest -->
