<?xml version="1.0" encoding="UTF-8"?>
<!-- Generated by org.testng.reporters.JUnitReportReporter -->
<testsuite hostname="DESKTOP-IP80BGQ" failures="0" tests="2" name="TestNgPractice.GoogleTitleTest" time="13.271" errors="0" timestamp="2022-03-16T16:33:43 IST" skipped="0">
  <testcase classname="TestNgPractice.GoogleTitleTest" name="googleLogoTest" time="6.946"/>
  <system-out/>
  <testcase classname="TestNgPractice.GoogleTitleTest" name="googleTitleTest" time="6.325"/>
  <system-out/>
</testsuite> <!-- TestNgPractice.GoogleTitleTest -->
