<?xml version="1.0" encoding="UTF-8"?>
<!-- Generated by org.testng.reporters.JUnitReportReporter -->
<testsuite hostname="DESKTOP-IP80BGQ" failures="0" tests="2" name="TestNgPractice.TestNgBasics" time="0.008" errors="0" timestamp="2022-03-16T16:33:43 IST" skipped="0">
  <testcase classname="TestNgPractice.TestNgBasics" name="googleLogoTest" time="0.004"/>
  <system-out/>
  <testcase classname="TestNgPractice.TestNgBasics" name="googleTitleTest" time="0.004"/>
  <system-out/>
</testsuite> <!-- TestNgPractice.TestNgBasics -->
