<?xml version="1.0" encoding="UTF-8"?>
<!-- Generated by org.testng.reporters.JUnitReportReporter -->
<testsuite hostname="DESKTOP-IP80BGQ" failures="0" tests="3" name="com.verbose.FBTest" time="16.185" errors="0" timestamp="2022-03-19T08:45:40 IST" skipped="0">
  <testcase classname="com.verbose.FBTest" name="FBTitleTest1" time="5.660"/>
  <system-out/>
  <testcase classname="com.verbose.FBTest" name="FBTitleTest2" time="4.995"/>
  <system-out/>
  <testcase classname="com.verbose.FBTest" name="FBTitleTest3" time="5.530"/>
  <system-out/>
</testsuite> <!-- com.verbose.FBTest -->
