<?xml version="1.0" encoding="UTF-8"?>
<!-- Generated by org.testng.reporters.JUnitReportReporter -->
<testsuite hostname="DESKTOP-IP80BGQ" failures="0" tests="1" name="com.parameters.ParameterTest" time="46.450" errors="0" timestamp="2021-12-03T17:16:54 IST" skipped="0">
  <testcase classname="com.parameters.ParameterTest" name="yahooLoginTest" time="46.450"/>
  <system-out/>
</testsuite> <!-- com.parameters.ParameterTest -->
