<?xml version="1.0" encoding="UTF-8"?>
<!-- Generated by org.testng.reporters.JUnitReportReporter -->
<testsuite hostname="DESKTOP-IP80BGQ" failures="0" tests="2" name="TestNgPractice.TestNgDependency" time="0.003" errors="0" timestamp="2022-03-16T16:33:43 IST" skipped="0">
  <testcase classname="TestNgPractice.TestNgDependency" name="method1" time="0.001"/>
  <system-out/>
  <testcase classname="TestNgPractice.TestNgDependency" name="method2" time="0.002"/>
  <system-out/>
</testsuite> <!-- TestNgPractice.TestNgDependency -->
