<?xml version="1.0" encoding="UTF-8"?>
<!-- Generated by org.testng.reporters.JUnitReportReporter -->
<testsuite hostname="DESKTOP-IP80BGQ" failures="0" tests="4" name="TestNgPractice.TestNgGroup" time="0.022" errors="0" timestamp="2022-03-16T17:48:39 IST" skipped="0">
  <testcase classname="TestNgPractice.TestNgGroup" name="method2Test" time="0.004"/>
  <system-out/>
  <testcase classname="TestNgPractice.TestNgGroup" name="method3Test" time="0.003"/>
  <system-out/>
  <testcase classname="TestNgPractice.TestNgGroup" name="method4Test" time="0.003"/>
  <system-out/>
  <testcase classname="TestNgPractice.TestNgGroup" name="method1Test" time="0.012"/>
  <system-out/>
</testsuite> <!-- TestNgPractice.TestNgGroup -->
