<?xml version="1.0" encoding="UTF-8"?>
<!-- Generated by org.testng.reporters.JUnitReportReporter -->
<testsuite hostname="DESKTOP-IP80BGQ" failures="0" tests="1" name="TestNgPractice.EbayTest" time="12.308" errors="0" timestamp="2022-03-16T16:33:43 IST" skipped="0">
  <testcase classname="TestNgPractice.EbayTest" name="searchTest" time="12.308"/>
  <system-out/>
</testsuite> <!-- TestNgPractice.EbayTest -->
