<?xml version="1.0" encoding="UTF-8"?>
<!-- Generated by org.testng.reporters.JUnitReportReporter -->
<testsuite hostname="DESKTOP-IP80BGQ" failures="0" tests="1" name="TestNgPractice.ExceptionTimeOutTest" time="0.002" errors="0" timestamp="2022-03-16T16:33:43 IST" skipped="0">
  <testcase classname="TestNgPractice.ExceptionTimeOutTest" name="test1" time="0.002"/>
  <system-out/>
</testsuite> <!-- TestNgPractice.ExceptionTimeOutTest -->
